Added Parameter Примечание= to Part C1
Added Parameter Примечание= to Part C2
Added Parameter Примечание= to Part C3
Added Parameter Примечание= to Part C4
Added Parameter Примечание= to Part C5
Added Parameter Примечание= to Part C7
Added Parameter Примечание= to Part C8
Added Parameter Примечание= to Part C9
Added Parameter Примечание= to Part C10
Added Parameter Примечание= to Part C11
Added Parameter Примечание= to Part C12
Added Parameter Примечание= to Part C13
Added Parameter Примечание= to Part C14
Added Parameter Примечание= to Part C15
Added Parameter Примечание= to Part C17
Added Parameter Примечание= to Part C18
Added Parameter Примечание= to Part DD1
Added Parameter Примечание= to Part DD2
Added Parameter Примечание= to Part DD3
Added Parameter Примечание= to Part DD4
Added Parameter Примечание= to Part DD5
Added Parameter Примечание= to Part F1
Added Parameter Примечание= to Part HL1
Added Parameter Примечание= to Part HL2
Added Parameter Примечание= to Part HL3
Added Parameter Примечание= to Part HL4
Added Parameter Примечание= to Part ICSP1
Added Parameter Примечание= to Part ICSP2
Added Parameter Примечание= to Part L1
Added Parameter Примечание= to Part R1
Added Parameter Примечание= to Part R2
Added Parameter Примечание= to Part R3
Added Parameter Примечание= to Part R4
Added Parameter Примечание= to Part R5
Added Parameter Примечание= to Part R6
Added Parameter Примечание= to Part R7
Added Parameter Примечание= to Part R8
Added Parameter Примечание= to Part R9
Added Parameter Примечание= to Part R10
Added Parameter Примечание= to Part R11
Added Parameter Примечание= to Part R12
Added Parameter Примечание= to Part R13
Added Parameter Примечание= to Part R14
Added Parameter Примечание= to Part R15
Added Parameter Примечание= to Part R16
Added Parameter Примечание= to Part R17
Added Parameter Примечание= to Part R18
Added Parameter Примечание= to Part RU1
Added Parameter Примечание= to Part RU2
Added Parameter Примечание= to Part SB1
Added Parameter Примечание= to Part VD1
Added Parameter Примечание= to Part VD2
Added Parameter Примечание= to Part VD3
Added Parameter Примечание= to Part VT1
Added Parameter Примечание= to Part X1
Added Parameter Примечание= to Part X2
Added Parameter Примечание= to Part X3
Added Parameter Примечание= to Part X4
Added Parameter Примечание= to Part X5
Added Parameter Примечание= to Part X6
Added Parameter Примечание= to Part ZQ1
Added Parameter Примечание= to Part ZQ2
Added Parameter Примечание=Не устанавливать to Part C6
Added Parameter Примечание=Не устанавливать to Part C16
