Added Component: Designator=C1(0603_CAP)
Add component (AddParameter): Name = "Dielectric"; Value = "X7R"; VariantName = "[No Variations]"
Add component (AddParameter): Name = "ESR"; Value = ""; VariantName = "[No Variations]"
Add component (AddParameter): Name = "Package"; Value = "0603"; VariantName = "[No Variations]"
Add component (AddParameter): Name = "Power"; Value = ""; VariantName = "[No Variations]"
Add component (AddParameter): Name = "Temp"; Value = ""; VariantName = "[No Variations]"
Add component (AddParameter): Name = "Tolerance"; Value = "10%"; VariantName = "[No Variations]"
Add component (AddParameter): Name = "URL"; Value = ""; VariantName = "[No Variations]"
Add component (AddParameter): Name = "Value"; Value = "0,1ьъ"; VariantName = "[No Variations]"
Add component (AddParameter): Name = "ValueDescription"; Value = "0,1ьъ╘  X7R 10% 0603 SMD"; VariantName = "[No Variations]"
Add component (AddParameter): Name = "ValueManufacturer"; Value = ""; VariantName = "[No Variations]"
Add component (AddParameter): Name = "ValueManufacturerPartNumber"; Value = ""; VariantName = "[No Variations]"
Add component (AddParameter): Name = "ValueType"; Value = "╩юэфхэёрҐюЁ"; VariantName = "[No Variations]"
Add component (AddParameter): Name = "╧Ёшьхірэшх"; Value = ""; VariantName = "[No Variations]"
Added Component: Designator=C2(0603_CAP)
Add component (AddParameter): Name = "Dielectric"; Value = "NP0"; VariantName = "[No Variations]"
Add component (AddParameter): Name = "ESR"; Value = ""; VariantName = "[No Variations]"
Add component (AddParameter): Name = "Package"; Value = "0603"; VariantName = "[No Variations]"
Add component (AddParameter): Name = "Power"; Value = ""; VariantName = "[No Variations]"
Add component (AddParameter): Name = "Temp"; Value = ""; VariantName = "[No Variations]"
Add component (AddParameter): Name = "Tolerance"; Value = "5%"; VariantName = "[No Variations]"
Add component (AddParameter): Name = "URL"; Value = ""; VariantName = "[No Variations]"
Add component (AddParameter): Name = "Value"; Value = "22n"; VariantName = "[No Variations]"
Add component (AddParameter): Name = "ValueDescription"; Value = "22n╘  NP0 5% 0603 SMD"; VariantName = "[No Variations]"
Add component (AddParameter): Name = "ValueManufacturer"; Value = ""; VariantName = "[No Variations]"
Add component (AddParameter): Name = "ValueManufacturerPartNumber"; Value = ""; VariantName = "[No Variations]"
Add component (AddParameter): Name = "ValueType"; Value = "╩юэфхэёрҐюЁ"; VariantName = "[No Variations]"
Add component (AddParameter): Name = "╧Ёшьхірэшх"; Value = ""; VariantName = "[No Variations]"
Added Component: Designator=C3(0603_CAP)
Add component (AddParameter): Name = "Dielectric"; Value = "NP0"; VariantName = "[No Variations]"
Add component (AddParameter): Name = "ESR"; Value = ""; VariantName = "[No Variations]"
Add component (AddParameter): Name = "Package"; Value = "0603"; VariantName = "[No Variations]"
Add component (AddParameter): Name = "Power"; Value = ""; VariantName = "[No Variations]"
Add component (AddParameter): Name = "Temp"; Value = ""; VariantName = "[No Variations]"
Add component (AddParameter): Name = "Tolerance"; Value = "5%"; VariantName = "[No Variations]"
Add component (AddParameter): Name = "URL"; Value = ""; VariantName = "[No Variations]"
Add component (AddParameter): Name = "Value"; Value = "22n"; VariantName = "[No Variations]"
Add component (AddParameter): Name = "ValueDescription"; Value = "22n╘  NP0 5% 0603 SMD"; VariantName = "[No Variations]"
Add component (AddParameter): Name = "ValueManufacturer"; Value = ""; VariantName = "[No Variations]"
Add component (AddParameter): Name = "ValueManufacturerPartNumber"; Value = ""; VariantName = "[No Variations]"
Add component (AddParameter): Name = "ValueType"; Value = "╩юэфхэёрҐюЁ"; VariantName = "[No Variations]"
Add component (AddParameter): Name = "╧Ёшьхірэшх"; Value = ""; VariantName = "[No Variations]"
Added Component: Designator=C4(0603_CAP)
Add component (AddParameter): Name = "Dielectric"; Value = "X7R"; VariantName = "[No Variations]"
Add component (AddParameter): Name = "ESR"; Value = ""; VariantName = "[No Variations]"
Add component (AddParameter): Name = "Package"; Value = "0603"; VariantName = "[No Variations]"
Add component (AddParameter): Name = "Power"; Value = ""; VariantName = "[No Variations]"
Add component (AddParameter): Name = "Temp"; Value = ""; VariantName = "[No Variations]"
Add component (AddParameter): Name = "Tolerance"; Value = "10%"; VariantName = "[No Variations]"
Add component (AddParameter): Name = "URL"; Value = ""; VariantName = "[No Variations]"
Add component (AddParameter): Name = "Value"; Value = "0,1ьъ"; VariantName = "[No Variations]"
Add component (AddParameter): Name = "ValueDescription"; Value = "0,1ьъ╘  X7R 10% 0603 SMD"; VariantName = "[No Variations]"
Add component (AddParameter): Name = "ValueManufacturer"; Value = ""; VariantName = "[No Variations]"
Add component (AddParameter): Name = "ValueManufacturerPartNumber"; Value = ""; VariantName = "[No Variations]"
Add component (AddParameter): Name = "ValueType"; Value = "╩юэфхэёрҐюЁ"; VariantName = "[No Variations]"
Add component (AddParameter): Name = "╧Ёшьхірэшх"; Value = ""; VariantName = "[No Variations]"
Added Component: Designator=C5(0603_CAP)
Add component (AddParameter): Name = "Dielectric"; Value = "X7R"; VariantName = "[No Variations]"
Add component (AddParameter): Name = "ESR"; Value = ""; VariantName = "[No Variations]"
Add component (AddParameter): Name = "Package"; Value = "0603"; VariantName = "[No Variations]"
Add component (AddParameter): Name = "Power"; Value = ""; VariantName = "[No Variations]"
Add component (AddParameter): Name = "Temp"; Value = ""; VariantName = "[No Variations]"
Add component (AddParameter): Name = "Tolerance"; Value = "10%"; VariantName = "[No Variations]"
Add component (AddParameter): Name = "URL"; Value = ""; VariantName = "[No Variations]"
Add component (AddParameter): Name = "Value"; Value = "0,1ьъ"; VariantName = "[No Variations]"
Add component (AddParameter): Name = "ValueDescription"; Value = "0,1ьъ╘  X7R 10% 0603 SMD"; VariantName = "[No Variations]"
Add component (AddParameter): Name = "ValueManufacturer"; Value = ""; VariantName = "[No Variations]"
Add component (AddParameter): Name = "ValueManufacturerPartNumber"; Value = ""; VariantName = "[No Variations]"
Add component (AddParameter): Name = "ValueType"; Value = "╩юэфхэёрҐюЁ"; VariantName = "[No Variations]"
Add component (AddParameter): Name = "╧Ёшьхірэшх"; Value = ""; VariantName = "[No Variations]"
Added Component: Designator=C6(0603_CAP)
Add component (AddParameter): Name = "Dielectric"; Value = ""; VariantName = "[No Variations]"
Add component (AddParameter): Name = "ESR"; Value = ""; VariantName = "[No Variations]"
Add component (AddParameter): Name = "Package"; Value = "0603"; VariantName = "[No Variations]"
Add component (AddParameter): Name = "Power"; Value = ""; VariantName = "[No Variations]"
Add component (AddParameter): Name = "Temp"; Value = ""; VariantName = "[No Variations]"
Add component (AddParameter): Name = "Tolerance"; Value = ""; VariantName = "[No Variations]"
Add component (AddParameter): Name = "URL"; Value = ""; VariantName = "[No Variations]"
Add component (AddParameter): Name = "Value"; Value = "э.ґ."; VariantName = "[No Variations]"
Add component (AddParameter): Name = "ValueDescription"; Value = "э.ґ.╘    0603 SMD"; VariantName = "[No Variations]"
Add component (AddParameter): Name = "ValueManufacturer"; Value = ""; VariantName = "[No Variations]"
Add component (AddParameter): Name = "ValueManufacturerPartNumber"; Value = ""; VariantName = "[No Variations]"
Add component (AddParameter): Name = "ValueType"; Value = "╩юэфхэёрҐюЁ"; VariantName = "[No Variations]"
Add component (AddParameter): Name = "╧Ёшьхірэшх"; Value = "═х ґёҐрэртыштрҐ№"; VariantName = "[No Variations]"
Added Component: Designator=C7(0603_CAP)
Add component (AddParameter): Name = "Dielectric"; Value = "X7R"; VariantName = "[No Variations]"
Add component (AddParameter): Name = "ESR"; Value = ""; VariantName = "[No Variations]"
Add component (AddParameter): Name = "Package"; Value = "0603"; VariantName = "[No Variations]"
Add component (AddParameter): Name = "Power"; Value = ""; VariantName = "[No Variations]"
Add component (AddParameter): Name = "Temp"; Value = ""; VariantName = "[No Variations]"
Add component (AddParameter): Name = "Tolerance"; Value = "10%"; VariantName = "[No Variations]"
Add component (AddParameter): Name = "URL"; Value = ""; VariantName = "[No Variations]"
Add component (AddParameter): Name = "Value"; Value = "1ьъ"; VariantName = "[No Variations]"
Add component (AddParameter): Name = "ValueDescription"; Value = "1ьъ╘  X7R 10% 0603 SMD"; VariantName = "[No Variations]"
Add component (AddParameter): Name = "ValueManufacturer"; Value = ""; VariantName = "[No Variations]"
Add component (AddParameter): Name = "ValueManufacturerPartNumber"; Value = ""; VariantName = "[No Variations]"
Add component (AddParameter): Name = "ValueType"; Value = "╩юэфхэёрҐюЁ"; VariantName = "[No Variations]"
Add component (AddParameter): Name = "╧Ёшьхірэшх"; Value = ""; VariantName = "[No Variations]"
Added Component: Designator=C8(0607_ELECTR_CAP)
Add component (AddParameter): Name = "Dielectric"; Value = ""; VariantName = "[No Variations]"
Add component (AddParameter): Name = "ESR"; Value = ""; VariantName = "[No Variations]"
Add component (AddParameter): Name = "Package"; Value = "0607"; VariantName = "[No Variations]"
Add component (AddParameter): Name = "Power"; Value = ""; VariantName = "[No Variations]"
Add component (AddParameter): Name = "Temp"; Value = ""; VariantName = "[No Variations]"
Add component (AddParameter): Name = "Tolerance"; Value = "20%"; VariantName = "[No Variations]"
Add component (AddParameter): Name = "URL"; Value = ""; VariantName = "[No Variations]"
Add component (AddParameter): Name = "Value"; Value = "4,7ьъ"; VariantName = "[No Variations]"
Add component (AddParameter): Name = "ValueDescription"; Value = "4,7ьъ╘   20% 0607 SMD"; VariantName = "[No Variations]"
Add component (AddParameter): Name = "ValueManufacturer"; Value = ""; VariantName = "[No Variations]"
Add component (AddParameter): Name = "ValueManufacturerPartNumber"; Value = ""; VariantName = "[No Variations]"
Add component (AddParameter): Name = "ValueType"; Value = "╩юэфхэёрҐюЁ"; VariantName = "[No Variations]"
Add component (AddParameter): Name = "╧Ёшьхірэшх"; Value = ""; VariantName = "[No Variations]"
Added Component: Designator=C9(0603_CAP)
Add component (AddParameter): Name = "Dielectric"; Value = "X7R"; VariantName = "[No Variations]"
Add component (AddParameter): Name = "ESR"; Value = ""; VariantName = "[No Variations]"
Add component (AddParameter): Name = "Package"; Value = "0603"; VariantName = "[No Variations]"
Add component (AddParameter): Name = "Power"; Value = ""; VariantName = "[No Variations]"
Add component (AddParameter): Name = "Temp"; Value = ""; VariantName = "[No Variations]"
Add component (AddParameter): Name = "Tolerance"; Value = "10%"; VariantName = "[No Variations]"
Add component (AddParameter): Name = "URL"; Value = ""; VariantName = "[No Variations]"
Add component (AddParameter): Name = "Value"; Value = "0,1ьъ"; VariantName = "[No Variations]"
Add component (AddParameter): Name = "ValueDescription"; Value = "0,1ьъ╘  X7R 10% 0603 SMD"; VariantName = "[No Variations]"
Add component (AddParameter): Name = "ValueManufacturer"; Value = ""; VariantName = "[No Variations]"
Add component (AddParameter): Name = "ValueManufacturerPartNumber"; Value = ""; VariantName = "[No Variations]"
Add component (AddParameter): Name = "ValueType"; Value = "╩юэфхэёрҐюЁ"; VariantName = "[No Variations]"
Add component (AddParameter): Name = "╧Ёшьхірэшх"; Value = ""; VariantName = "[No Variations]"
Added Component: Designator=C10(0603_CAP)
Add component (AddParameter): Name = "Dielectric"; Value = "X7R"; VariantName = "[No Variations]"
Add component (AddParameter): Name = "ESR"; Value = ""; VariantName = "[No Variations]"
Add component (AddParameter): Name = "Package"; Value = "0603"; VariantName = "[No Variations]"
Add component (AddParameter): Name = "Power"; Value = ""; VariantName = "[No Variations]"
Add component (AddParameter): Name = "Temp"; Value = ""; VariantName = "[No Variations]"
Add component (AddParameter): Name = "Tolerance"; Value = "10%"; VariantName = "[No Variations]"
Add component (AddParameter): Name = "URL"; Value = ""; VariantName = "[No Variations]"
Add component (AddParameter): Name = "Value"; Value = "0,1ьъ"; VariantName = "[No Variations]"
Add component (AddParameter): Name = "ValueDescription"; Value = "0,1ьъ╘  X7R 10% 0603 SMD"; VariantName = "[No Variations]"
Add component (AddParameter): Name = "ValueManufacturer"; Value = ""; VariantName = "[No Variations]"
Add component (AddParameter): Name = "ValueManufacturerPartNumber"; Value = ""; VariantName = "[No Variations]"
Add component (AddParameter): Name = "ValueType"; Value = "╩юэфхэёрҐюЁ"; VariantName = "[No Variations]"
Add component (AddParameter): Name = "╧Ёшьхірэшх"; Value = ""; VariantName = "[No Variations]"
Added Component: Designator=C11(0607_ELECTR_CAP)
Add component (AddParameter): Name = "Dielectric"; Value = ""; VariantName = "[No Variations]"
Add component (AddParameter): Name = "ESR"; Value = ""; VariantName = "[No Variations]"
Add component (AddParameter): Name = "Package"; Value = "0607"; VariantName = "[No Variations]"
Add component (AddParameter): Name = "Power"; Value = ""; VariantName = "[No Variations]"
Add component (AddParameter): Name = "Temp"; Value = ""; VariantName = "[No Variations]"
Add component (AddParameter): Name = "Tolerance"; Value = "20%"; VariantName = "[No Variations]"
Add component (AddParameter): Name = "URL"; Value = ""; VariantName = "[No Variations]"
Add component (AddParameter): Name = "Value"; Value = "4,7ьъ"; VariantName = "[No Variations]"
Add component (AddParameter): Name = "ValueDescription"; Value = "4,7ьъ╘   20% 0607 SMD"; VariantName = "[No Variations]"
Add component (AddParameter): Name = "ValueManufacturer"; Value = ""; VariantName = "[No Variations]"
Add component (AddParameter): Name = "ValueManufacturerPartNumber"; Value = ""; VariantName = "[No Variations]"
Add component (AddParameter): Name = "ValueType"; Value = "╩юэфхэёрҐюЁ"; VariantName = "[No Variations]"
Add component (AddParameter): Name = "╧Ёшьхірэшх"; Value = ""; VariantName = "[No Variations]"
Added Component: Designator=C12(0603_CAP)
Add component (AddParameter): Name = "Dielectric"; Value = "X7R"; VariantName = "[No Variations]"
Add component (AddParameter): Name = "ESR"; Value = ""; VariantName = "[No Variations]"
Add component (AddParameter): Name = "Package"; Value = "0603"; VariantName = "[No Variations]"
Add component (AddParameter): Name = "Power"; Value = ""; VariantName = "[No Variations]"
Add component (AddParameter): Name = "Temp"; Value = ""; VariantName = "[No Variations]"
Add component (AddParameter): Name = "Tolerance"; Value = "10%"; VariantName = "[No Variations]"
Add component (AddParameter): Name = "URL"; Value = ""; VariantName = "[No Variations]"
Add component (AddParameter): Name = "Value"; Value = "0,1ьъ"; VariantName = "[No Variations]"
Add component (AddParameter): Name = "ValueDescription"; Value = "0,1ьъ╘  X7R 10% 0603 SMD"; VariantName = "[No Variations]"
Add component (AddParameter): Name = "ValueManufacturer"; Value = ""; VariantName = "[No Variations]"
Add component (AddParameter): Name = "ValueManufacturerPartNumber"; Value = ""; VariantName = "[No Variations]"
Add component (AddParameter): Name = "ValueType"; Value = "╩юэфхэёрҐюЁ"; VariantName = "[No Variations]"
Add component (AddParameter): Name = "╧Ёшьхірэшх"; Value = ""; VariantName = "[No Variations]"
Added Component: Designator=C13(0603_CAP)
Add component (AddParameter): Name = "Dielectric"; Value = "X7R"; VariantName = "[No Variations]"
Add component (AddParameter): Name = "ESR"; Value = ""; VariantName = "[No Variations]"
Add component (AddParameter): Name = "Package"; Value = "0603"; VariantName = "[No Variations]"
Add component (AddParameter): Name = "Power"; Value = ""; VariantName = "[No Variations]"
Add component (AddParameter): Name = "Temp"; Value = ""; VariantName = "[No Variations]"
Add component (AddParameter): Name = "Tolerance"; Value = "10%"; VariantName = "[No Variations]"
Add component (AddParameter): Name = "URL"; Value = ""; VariantName = "[No Variations]"
Add component (AddParameter): Name = "Value"; Value = "0,1ьъ"; VariantName = "[No Variations]"
Add component (AddParameter): Name = "ValueDescription"; Value = "0,1ьъ╘  X7R 10% 0603 SMD"; VariantName = "[No Variations]"
Add component (AddParameter): Name = "ValueManufacturer"; Value = ""; VariantName = "[No Variations]"
Add component (AddParameter): Name = "ValueManufacturerPartNumber"; Value = ""; VariantName = "[No Variations]"
Add component (AddParameter): Name = "ValueType"; Value = "╩юэфхэёрҐюЁ"; VariantName = "[No Variations]"
Add component (AddParameter): Name = "╧Ёшьхірэшх"; Value = ""; VariantName = "[No Variations]"
Added Component: Designator=C14(0603_CAP)
Add component (AddParameter): Name = "Dielectric"; Value = "X7R"; VariantName = "[No Variations]"
Add component (AddParameter): Name = "ESR"; Value = ""; VariantName = "[No Variations]"
Add component (AddParameter): Name = "Package"; Value = "0603"; VariantName = "[No Variations]"
Add component (AddParameter): Name = "Power"; Value = ""; VariantName = "[No Variations]"
Add component (AddParameter): Name = "Temp"; Value = ""; VariantName = "[No Variations]"
Add component (AddParameter): Name = "Tolerance"; Value = "10%"; VariantName = "[No Variations]"
Add component (AddParameter): Name = "URL"; Value = ""; VariantName = "[No Variations]"
Add component (AddParameter): Name = "Value"; Value = "0,1ьъ"; VariantName = "[No Variations]"
Add component (AddParameter): Name = "ValueDescription"; Value = "0,1ьъ╘  X7R 10% 0603 SMD"; VariantName = "[No Variations]"
Add component (AddParameter): Name = "ValueManufacturer"; Value = ""; VariantName = "[No Variations]"
Add component (AddParameter): Name = "ValueManufacturerPartNumber"; Value = ""; VariantName = "[No Variations]"
Add component (AddParameter): Name = "ValueType"; Value = "╩юэфхэёрҐюЁ"; VariantName = "[No Variations]"
Add component (AddParameter): Name = "╧Ёшьхірэшх"; Value = ""; VariantName = "[No Variations]"
Added Component: Designator=C15(0603_CAP)
Add component (AddParameter): Name = "Dielectric"; Value = "X7R"; VariantName = "[No Variations]"
Add component (AddParameter): Name = "ESR"; Value = ""; VariantName = "[No Variations]"
Add component (AddParameter): Name = "Package"; Value = "0603"; VariantName = "[No Variations]"
Add component (AddParameter): Name = "Power"; Value = ""; VariantName = "[No Variations]"
Add component (AddParameter): Name = "Temp"; Value = ""; VariantName = "[No Variations]"
Add component (AddParameter): Name = "Tolerance"; Value = "10%"; VariantName = "[No Variations]"
Add component (AddParameter): Name = "URL"; Value = ""; VariantName = "[No Variations]"
Add component (AddParameter): Name = "Value"; Value = "0,1ьъ"; VariantName = "[No Variations]"
Add component (AddParameter): Name = "ValueDescription"; Value = "0,1ьъ╘  X7R 10% 0603 SMD"; VariantName = "[No Variations]"
Add component (AddParameter): Name = "ValueManufacturer"; Value = ""; VariantName = "[No Variations]"
Add component (AddParameter): Name = "ValueManufacturerPartNumber"; Value = ""; VariantName = "[No Variations]"
Add component (AddParameter): Name = "ValueType"; Value = "╩юэфхэёрҐюЁ"; VariantName = "[No Variations]"
Add component (AddParameter): Name = "╧Ёшьхірэшх"; Value = ""; VariantName = "[No Variations]"
Added Component: Designator=C16(0603_CAP)
Add component (AddParameter): Name = "Dielectric"; Value = ""; VariantName = "[No Variations]"
Add component (AddParameter): Name = "ESR"; Value = ""; VariantName = "[No Variations]"
Add component (AddParameter): Name = "Package"; Value = "0603"; VariantName = "[No Variations]"
Add component (AddParameter): Name = "Power"; Value = ""; VariantName = "[No Variations]"
Add component (AddParameter): Name = "Temp"; Value = ""; VariantName = "[No Variations]"
Add component (AddParameter): Name = "Tolerance"; Value = ""; VariantName = "[No Variations]"
Add component (AddParameter): Name = "URL"; Value = ""; VariantName = "[No Variations]"
Add component (AddParameter): Name = "Value"; Value = "э.ґ."; VariantName = "[No Variations]"
Add component (AddParameter): Name = "ValueDescription"; Value = "э.ґ.╘    0603 SMD"; VariantName = "[No Variations]"
Add component (AddParameter): Name = "ValueManufacturer"; Value = ""; VariantName = "[No Variations]"
Add component (AddParameter): Name = "ValueManufacturerPartNumber"; Value = ""; VariantName = "[No Variations]"
Add component (AddParameter): Name = "ValueType"; Value = "╩юэфхэёрҐюЁ"; VariantName = "[No Variations]"
Add component (AddParameter): Name = "╧Ёшьхірэшх"; Value = "═х ґёҐрэртыштрҐ№"; VariantName = "[No Variations]"
Added Component: Designator=C17(0603_CAP)
Add component (AddParameter): Name = "Dielectric"; Value = "X7R"; VariantName = "[No Variations]"
Add component (AddParameter): Name = "ESR"; Value = ""; VariantName = "[No Variations]"
Add component (AddParameter): Name = "Package"; Value = "0603"; VariantName = "[No Variations]"
Add component (AddParameter): Name = "Power"; Value = ""; VariantName = "[No Variations]"
Add component (AddParameter): Name = "Temp"; Value = ""; VariantName = "[No Variations]"
Add component (AddParameter): Name = "Tolerance"; Value = "10%"; VariantName = "[No Variations]"
Add component (AddParameter): Name = "URL"; Value = ""; VariantName = "[No Variations]"
Add component (AddParameter): Name = "Value"; Value = "0,1ьъ"; VariantName = "[No Variations]"
Add component (AddParameter): Name = "ValueDescription"; Value = "0,1ьъ╘  X7R 10% 0603 SMD"; VariantName = "[No Variations]"
Add component (AddParameter): Name = "ValueManufacturer"; Value = ""; VariantName = "[No Variations]"
Add component (AddParameter): Name = "ValueManufacturerPartNumber"; Value = ""; VariantName = "[No Variations]"
Add component (AddParameter): Name = "ValueType"; Value = "╩юэфхэёрҐюЁ"; VariantName = "[No Variations]"
Add component (AddParameter): Name = "╧Ёшьхірэшх"; Value = ""; VariantName = "[No Variations]"
Added Component: Designator=C18(0603_CAP)
Add component (AddParameter): Name = "Dielectric"; Value = "X7R"; VariantName = "[No Variations]"
Add component (AddParameter): Name = "ESR"; Value = ""; VariantName = "[No Variations]"
Add component (AddParameter): Name = "Package"; Value = "0603"; VariantName = "[No Variations]"
Add component (AddParameter): Name = "Power"; Value = ""; VariantName = "[No Variations]"
Add component (AddParameter): Name = "Temp"; Value = ""; VariantName = "[No Variations]"
Add component (AddParameter): Name = "Tolerance"; Value = "10%"; VariantName = "[No Variations]"
Add component (AddParameter): Name = "URL"; Value = ""; VariantName = "[No Variations]"
Add component (AddParameter): Name = "Value"; Value = "0,1ьъ"; VariantName = "[No Variations]"
Add component (AddParameter): Name = "ValueDescription"; Value = "0,1ьъ╘  X7R 10% 0603 SMD"; VariantName = "[No Variations]"
Add component (AddParameter): Name = "ValueManufacturer"; Value = ""; VariantName = "[No Variations]"
Add component (AddParameter): Name = "ValueManufacturerPartNumber"; Value = ""; VariantName = "[No Variations]"
Add component (AddParameter): Name = "ValueType"; Value = "╩юэфхэёрҐюЁ"; VariantName = "[No Variations]"
Add component (AddParameter): Name = "╧Ёшьхірэшх"; Value = ""; VariantName = "[No Variations]"
Added Component: Designator=DD1(SOIC-8)
Add component (AddParameter): Name = "Package"; Value = "SOIC-8"; VariantName = "[No Variations]"
Add component (AddParameter): Name = "Temp"; Value = ""; VariantName = "[No Variations]"
Add component (AddParameter): Name = "URL"; Value = ""; VariantName = "[No Variations]"
Add component (AddParameter): Name = "Value"; Value = ""; VariantName = "[No Variations]"
Add component (AddParameter): Name = "ValueDescription"; Value = ""; VariantName = "[No Variations]"
Add component (AddParameter): Name = "ValueManufacturer"; Value = "Texas Instruments"; VariantName = "[No Variations]"
Add component (AddParameter): Name = "ValueManufacturerPartNumber"; Value = "LMV358IDR"; VariantName = "[No Variations]"
Add component (AddParameter): Name = "ValueType"; Value = "╬яхЁрІшюээ√щ ґёшышҐхы№"; VariantName = "[No Variations]"
Add component (AddParameter): Name = "╧Ёшьхірэшх"; Value = ""; VariantName = "[No Variations]"
Added Component: Designator=DD2(QFN32_0.5_5x5mm)
Add component (AddParameter): Name = "Package"; Value = "QFN32_0.5_5x5mm"; VariantName = "[No Variations]"
Add component (AddParameter): Name = "ValueDescription"; Value = "╠шъЁюъюэҐЁюыыхЁ"; VariantName = "[No Variations]"
Add component (AddParameter): Name = "ValueManufacturer"; Value = "ATMEGA"; VariantName = "[No Variations]"
Add component (AddParameter): Name = "ValueManufacturerPartNumber"; Value = "ATMEGA16U2-MU"; VariantName = "[No Variations]"
Add component (AddParameter): Name = "ValueType"; Value = "╠шъЁюъюэҐЁюыыхЁ"; VariantName = "[No Variations]"
Add component (AddParameter): Name = "╧Ёшьхірэшх"; Value = ""; VariantName = "[No Variations]"
Added Component: Designator=DD3(SOT223-4)
Add component (AddParameter): Name = "Package"; Value = "SOT-223"; VariantName = "[No Variations]"
Add component (AddParameter): Name = "Temp"; Value = ""; VariantName = "[No Variations]"
Add component (AddParameter): Name = "URL"; Value = ""; VariantName = "[No Variations]"
Add component (AddParameter): Name = "Value"; Value = ""; VariantName = "[No Variations]"
Add component (AddParameter): Name = "ValueDescription"; Value = ""; VariantName = "[No Variations]"
Add component (AddParameter): Name = "ValueManufacturer"; Value = "Texas Instruments"; VariantName = "[No Variations]"
Add component (AddParameter): Name = "ValueManufacturerPartNumber"; Value = "LM1117IMPX-5.0"; VariantName = "[No Variations]"
Add component (AddParameter): Name = "ValueType"; Value = "╦шэхщэ√щ ёҐрсшышчрҐюЁ эряЁ цхэш "; VariantName = "[No Variations]"
Add component (AddParameter): Name = "╧Ёшьхірэшх"; Value = ""; VariantName = "[No Variations]"
Added Component: Designator=DD4(SOT23-5)
Add component (AddParameter): Name = "Package"; Value = "SOT23-5"; VariantName = "[No Variations]"
Add component (AddParameter): Name = "Temp"; Value = ""; VariantName = "[No Variations]"
Add component (AddParameter): Name = "URL"; Value = ""; VariantName = "[No Variations]"
Add component (AddParameter): Name = "Value"; Value = ""; VariantName = "[No Variations]"
Add component (AddParameter): Name = "ValueDescription"; Value = ""; VariantName = "[No Variations]"
Add component (AddParameter): Name = "ValueManufacturer"; Value = "Texas Instruments"; VariantName = "[No Variations]"
Add component (AddParameter): Name = "ValueManufacturerPartNumber"; Value = "LP2985-33DBVR"; VariantName = "[No Variations]"
Add component (AddParameter): Name = "ValueType"; Value = "╦шэхщэ√щ ёҐрсшышчрҐюЁ эряЁ цхэш "; VariantName = "[No Variations]"
Add component (AddParameter): Name = "╧Ёшьхірэшх"; Value = ""; VariantName = "[No Variations]"
Added Component: Designator=DD5(DIP28_2.54)
Add component (AddParameter): Name = "Package"; Value = "DIP28"; VariantName = "[No Variations]"
Add component (AddParameter): Name = "ValueDescription"; Value = "╠шъЁюъюэҐЁюыыхЁ"; VariantName = "[No Variations]"
Add component (AddParameter): Name = "ValueManufacturer"; Value = "ATMEGA"; VariantName = "[No Variations]"
Add component (AddParameter): Name = "ValueManufacturerPartNumber"; Value = "ATMEGA328P-PU"; VariantName = "[No Variations]"
Add component (AddParameter): Name = "ValueType"; Value = "╠шъЁюъюэҐЁюыыхЁ"; VariantName = "[No Variations]"
Add component (AddParameter): Name = "╧Ёшьхірэшх"; Value = ""; VariantName = "[No Variations]"
Added Component: Designator=F1(MF-MSMF200)
Add component (AddParameter): Name = "Package"; Value = ""; VariantName = "[No Variations]"
Add component (AddParameter): Name = "Temp"; Value = ""; VariantName = "[No Variations]"
Add component (AddParameter): Name = "URL"; Value = ""; VariantName = "[No Variations]"
Add component (AddParameter): Name = "Value"; Value = ""; VariantName = "[No Variations]"
Add component (AddParameter): Name = "ValueDescription"; Value = ""; VariantName = "[No Variations]"
Add component (AddParameter): Name = "ValueManufacturer"; Value = ""; VariantName = "[No Variations]"
Add component (AddParameter): Name = "ValueManufacturerPartNumber"; Value = "MF-MSMF200-2"; VariantName = "[No Variations]"
Add component (AddParameter): Name = "ValueType"; Value = "╧ЁхфюєЁрэшҐхы№"; VariantName = "[No Variations]"
Add component (AddParameter): Name = "╧Ёшьхірэшх"; Value = ""; VariantName = "[No Variations]"
Added Component: Designator=HL1(0603_LED_GREEN)
Add component (AddParameter): Name = "Package"; Value = "0603"; VariantName = "[No Variations]"
Add component (AddParameter): Name = "Temp"; Value = "-40C...+85C"; VariantName = "[No Variations]"
Add component (AddParameter): Name = "URL"; Value = ""; VariantName = "[No Variations]"
Add component (AddParameter): Name = "Value"; Value = "╟хыхэ√щ"; VariantName = "[No Variations]"
Add component (AddParameter): Name = "ValueDescription"; Value = "╤тхҐюфшюф"; VariantName = "[No Variations]"
Add component (AddParameter): Name = "ValueManufacturer"; Value = "Foryard"; VariantName = "[No Variations]"
Add component (AddParameter): Name = "ValueManufacturerPartNumber"; Value = "fyls-0603urc"; VariantName = "[No Variations]"
Add component (AddParameter): Name = "ValueType"; Value = "╤тхҐюфшюф"; VariantName = "[No Variations]"
Add component (AddParameter): Name = "╧Ёшьхірэшх"; Value = ""; VariantName = "[No Variations]"
Added Component: Designator=HL2(0603_LED_RED)
Add component (AddParameter): Name = "Package"; Value = "0603"; VariantName = "[No Variations]"
Add component (AddParameter): Name = "Temp"; Value = "-40C...+85C"; VariantName = "[No Variations]"
Add component (AddParameter): Name = "URL"; Value = ""; VariantName = "[No Variations]"
Add component (AddParameter): Name = "Value"; Value = "╩Ёрёэ√щ"; VariantName = "[No Variations]"
Add component (AddParameter): Name = "ValueDescription"; Value = "╤тхҐюфшюф"; VariantName = "[No Variations]"
Add component (AddParameter): Name = "ValueManufacturer"; Value = "Foryard"; VariantName = "[No Variations]"
Add component (AddParameter): Name = "ValueManufacturerPartNumber"; Value = "fyls-0603urc"; VariantName = "[No Variations]"
Add component (AddParameter): Name = "ValueType"; Value = "╤тхҐюфшюф"; VariantName = "[No Variations]"
Add component (AddParameter): Name = "╧Ёшьхірэшх"; Value = ""; VariantName = "[No Variations]"
Added Component: Designator=HL3(0603_LED_YELLOW)
Add component (AddParameter): Name = "Package"; Value = "0603"; VariantName = "[No Variations]"
Add component (AddParameter): Name = "Temp"; Value = "-40C...+85C"; VariantName = "[No Variations]"
Add component (AddParameter): Name = "URL"; Value = ""; VariantName = "[No Variations]"
Add component (AddParameter): Name = "Value"; Value = "╞хыҐ√щ"; VariantName = "[No Variations]"
Add component (AddParameter): Name = "ValueDescription"; Value = "╤тхҐюфшюф"; VariantName = "[No Variations]"
Add component (AddParameter): Name = "ValueManufacturer"; Value = "Foryard"; VariantName = "[No Variations]"
Add component (AddParameter): Name = "ValueManufacturerPartNumber"; Value = "fyls-0603urc"; VariantName = "[No Variations]"
Add component (AddParameter): Name = "ValueType"; Value = "╤тхҐюфшюф"; VariantName = "[No Variations]"
Add component (AddParameter): Name = "╧Ёшьхірэшх"; Value = ""; VariantName = "[No Variations]"
Added Component: Designator=HL4(0603_LED_GREEN)
Add component (AddParameter): Name = "Package"; Value = "0603"; VariantName = "[No Variations]"
Add component (AddParameter): Name = "Temp"; Value = "-40C...+85C"; VariantName = "[No Variations]"
Add component (AddParameter): Name = "URL"; Value = ""; VariantName = "[No Variations]"
Add component (AddParameter): Name = "Value"; Value = "╟хыхэ√щ"; VariantName = "[No Variations]"
Add component (AddParameter): Name = "ValueDescription"; Value = "╤тхҐюфшюф"; VariantName = "[No Variations]"
Add component (AddParameter): Name = "ValueManufacturer"; Value = "Foryard"; VariantName = "[No Variations]"
Add component (AddParameter): Name = "ValueManufacturerPartNumber"; Value = "fyls-0603urc"; VariantName = "[No Variations]"
Add component (AddParameter): Name = "ValueType"; Value = "╤тхҐюфшюф"; VariantName = "[No Variations]"
Add component (AddParameter): Name = "╧Ёшьхірэшх"; Value = ""; VariantName = "[No Variations]"
Added Component: Designator=ICSP1(HDR2X3)
Add component (AddParameter): Name = "Package"; Value = "HDR2X3"; VariantName = "[No Variations]"
Add component (AddParameter): Name = "Temp"; Value = ""; VariantName = "[No Variations]"
Add component (AddParameter): Name = "URL"; Value = ""; VariantName = "[No Variations]"
Add component (AddParameter): Name = "Value"; Value = ""; VariantName = "[No Variations]"
Add component (AddParameter): Name = "ValueDescription"; Value = "PLD-6"; VariantName = "[No Variations]"
Add component (AddParameter): Name = "ValueManufacturer"; Value = ""; VariantName = "[No Variations]"
Add component (AddParameter): Name = "ValueManufacturerPartNumber"; Value = ""; VariantName = "[No Variations]"
Add component (AddParameter): Name = "ValueType"; Value = "╨рч·хь ЇҐ√Ёхтющ 2,54 ьь"; VariantName = "[No Variations]"
Add component (AddParameter): Name = "╧Ёшьхірэшх"; Value = ""; VariantName = "[No Variations]"
Added Component: Designator=ICSP2(HDR2X3)
Add component (AddParameter): Name = "Package"; Value = "HDR2X3"; VariantName = "[No Variations]"
Add component (AddParameter): Name = "Temp"; Value = ""; VariantName = "[No Variations]"
Add component (AddParameter): Name = "URL"; Value = ""; VariantName = "[No Variations]"
Add component (AddParameter): Name = "Value"; Value = ""; VariantName = "[No Variations]"
Add component (AddParameter): Name = "ValueDescription"; Value = "PLD-6"; VariantName = "[No Variations]"
Add component (AddParameter): Name = "ValueManufacturer"; Value = ""; VariantName = "[No Variations]"
Add component (AddParameter): Name = "ValueManufacturerPartNumber"; Value = ""; VariantName = "[No Variations]"
Add component (AddParameter): Name = "ValueType"; Value = "╨рч·хь ЇҐ√Ёхтющ 2,54 ьь"; VariantName = "[No Variations]"
Add component (AddParameter): Name = "╧Ёшьхірэшх"; Value = ""; VariantName = "[No Variations]"
Added Component: Designator=L1(0603_IND)
Add component (AddParameter): Name = "ESR"; Value = ""; VariantName = "[No Variations]"
Add component (AddParameter): Name = "Package"; Value = ""; VariantName = "[No Variations]"
Add component (AddParameter): Name = "Temp"; Value = ""; VariantName = "[No Variations]"
Add component (AddParameter): Name = "Tolerance"; Value = ""; VariantName = "[No Variations]"
Add component (AddParameter): Name = "URL"; Value = ""; VariantName = "[No Variations]"
Add component (AddParameter): Name = "Value"; Value = ""; VariantName = "[No Variations]"
Add component (AddParameter): Name = "ValueDescription"; Value = ""; VariantName = "[No Variations]"
Add component (AddParameter): Name = "ValueManufacturer"; Value = ""; VariantName = "[No Variations]"
Add component (AddParameter): Name = "ValueManufacturerPartNumber"; Value = "BLM18AG601SN1D"; VariantName = "[No Variations]"
Add component (AddParameter): Name = "ValueType"; Value = "╚эфґъҐштэюёҐ№"; VariantName = "[No Variations]"
Add component (AddParameter): Name = "╧Ёшьхірэшх"; Value = ""; VariantName = "[No Variations]"
Added Component: Designator=R1(0603_RES)
Add component (AddParameter): Name = "Package"; Value = "0603"; VariantName = "[No Variations]"
Add component (AddParameter): Name = "Power"; Value = "0,1 ┬Ґ"; VariantName = "[No Variations]"
Add component (AddParameter): Name = "Temp"; Value = ""; VariantName = "[No Variations]"
Add component (AddParameter): Name = "Tolerance"; Value = "5%"; VariantName = "[No Variations]"
Add component (AddParameter): Name = "URL"; Value = ""; VariantName = "[No Variations]"
Add component (AddParameter): Name = "Value"; Value = "680"; VariantName = "[No Variations]"
Add component (AddParameter): Name = "ValueDescription"; Value = "680╬ь 5% 0603 SMD"; VariantName = "[No Variations]"
Add component (AddParameter): Name = "ValueManufacturer"; Value = ""; VariantName = "[No Variations]"
Add component (AddParameter): Name = "ValueManufacturerPartNumber"; Value = ""; VariantName = "[No Variations]"
Add component (AddParameter): Name = "ValueType"; Value = "╨хчшёҐюЁ"; VariantName = "[No Variations]"
Add component (AddParameter): Name = "╧Ёшьхірэшх"; Value = ""; VariantName = "[No Variations]"
Added Component: Designator=R2(0603_RES)
Add component (AddParameter): Name = "Package"; Value = "0603"; VariantName = "[No Variations]"
Add component (AddParameter): Name = "Power"; Value = ""; VariantName = "[No Variations]"
Add component (AddParameter): Name = "Temp"; Value = ""; VariantName = "[No Variations]"
Add component (AddParameter): Name = "Tolerance"; Value = "5%"; VariantName = "[No Variations]"
Add component (AddParameter): Name = "URL"; Value = ""; VariantName = "[No Variations]"
Add component (AddParameter): Name = "Value"; Value = "10ъ"; VariantName = "[No Variations]"
Add component (AddParameter): Name = "ValueDescription"; Value = "10ъ╬ь 5% 0603 SMD"; VariantName = "[No Variations]"
Add component (AddParameter): Name = "ValueManufacturer"; Value = ""; VariantName = "[No Variations]"
Add component (AddParameter): Name = "ValueManufacturerPartNumber"; Value = ""; VariantName = "[No Variations]"
Add component (AddParameter): Name = "ValueType"; Value = "╨хчшёҐюЁ"; VariantName = "[No Variations]"
Add component (AddParameter): Name = "╧Ёшьхірэшх"; Value = ""; VariantName = "[No Variations]"
Added Component: Designator=R3(0603_RES)
Add component (AddParameter): Name = "Package"; Value = "0603"; VariantName = "[No Variations]"
Add component (AddParameter): Name = "Power"; Value = ""; VariantName = "[No Variations]"
Add component (AddParameter): Name = "Temp"; Value = ""; VariantName = "[No Variations]"
Add component (AddParameter): Name = "Tolerance"; Value = "1%"; VariantName = "[No Variations]"
Add component (AddParameter): Name = "URL"; Value = ""; VariantName = "[No Variations]"
Add component (AddParameter): Name = "Value"; Value = "22"; VariantName = "[No Variations]"
Add component (AddParameter): Name = "ValueDescription"; Value = "22╬ь 1% 0603 SMD"; VariantName = "[No Variations]"
Add component (AddParameter): Name = "ValueManufacturer"; Value = ""; VariantName = "[No Variations]"
Add component (AddParameter): Name = "ValueManufacturerPartNumber"; Value = ""; VariantName = "[No Variations]"
Add component (AddParameter): Name = "ValueType"; Value = "╨хчшёҐюЁ"; VariantName = "[No Variations]"
Add component (AddParameter): Name = "╧Ёшьхірэшх"; Value = ""; VariantName = "[No Variations]"
Added Component: Designator=R4(0603_RES)
Add component (AddParameter): Name = "Package"; Value = "0603"; VariantName = "[No Variations]"
Add component (AddParameter): Name = "Power"; Value = ""; VariantName = "[No Variations]"
Add component (AddParameter): Name = "Temp"; Value = ""; VariantName = "[No Variations]"
Add component (AddParameter): Name = "Tolerance"; Value = "1%"; VariantName = "[No Variations]"
Add component (AddParameter): Name = "URL"; Value = ""; VariantName = "[No Variations]"
Add component (AddParameter): Name = "Value"; Value = "22"; VariantName = "[No Variations]"
Add component (AddParameter): Name = "ValueDescription"; Value = "22╬ь 1% 0603 SMD"; VariantName = "[No Variations]"
Add component (AddParameter): Name = "ValueManufacturer"; Value = ""; VariantName = "[No Variations]"
Add component (AddParameter): Name = "ValueManufacturerPartNumber"; Value = ""; VariantName = "[No Variations]"
Add component (AddParameter): Name = "ValueType"; Value = "╨хчшёҐюЁ"; VariantName = "[No Variations]"
Add component (AddParameter): Name = "╧Ёшьхірэшх"; Value = ""; VariantName = "[No Variations]"
Added Component: Designator=R5(0603_RES)
Add component (AddParameter): Name = "Package"; Value = "0603"; VariantName = "[No Variations]"
Add component (AddParameter): Name = "Power"; Value = ""; VariantName = "[No Variations]"
Add component (AddParameter): Name = "Temp"; Value = ""; VariantName = "[No Variations]"
Add component (AddParameter): Name = "Tolerance"; Value = "5%"; VariantName = "[No Variations]"
Add component (AddParameter): Name = "URL"; Value = ""; VariantName = "[No Variations]"
Add component (AddParameter): Name = "Value"; Value = "10ъ"; VariantName = "[No Variations]"
Add component (AddParameter): Name = "ValueDescription"; Value = "10ъ╬ь 5% 0603 SMD"; VariantName = "[No Variations]"
Add component (AddParameter): Name = "ValueManufacturer"; Value = ""; VariantName = "[No Variations]"
Add component (AddParameter): Name = "ValueManufacturerPartNumber"; Value = ""; VariantName = "[No Variations]"
Add component (AddParameter): Name = "ValueType"; Value = "╨хчшёҐюЁ"; VariantName = "[No Variations]"
Add component (AddParameter): Name = "╧Ёшьхірэшх"; Value = ""; VariantName = "[No Variations]"
Added Component: Designator=R6(0603_RES)
Add component (AddParameter): Name = "Package"; Value = "0603"; VariantName = "[No Variations]"
Add component (AddParameter): Name = "Power"; Value = ""; VariantName = "[No Variations]"
Add component (AddParameter): Name = "Temp"; Value = ""; VariantName = "[No Variations]"
Add component (AddParameter): Name = "Tolerance"; Value = "5%"; VariantName = "[No Variations]"
Add component (AddParameter): Name = "URL"; Value = ""; VariantName = "[No Variations]"
Add component (AddParameter): Name = "Value"; Value = "10ъ"; VariantName = "[No Variations]"
Add component (AddParameter): Name = "ValueDescription"; Value = "10ъ╬ь 5% 0603 SMD"; VariantName = "[No Variations]"
Add component (AddParameter): Name = "ValueManufacturer"; Value = ""; VariantName = "[No Variations]"
Add component (AddParameter): Name = "ValueManufacturerPartNumber"; Value = ""; VariantName = "[No Variations]"
Add component (AddParameter): Name = "ValueType"; Value = "╨хчшёҐюЁ"; VariantName = "[No Variations]"
Add component (AddParameter): Name = "╧Ёшьхірэшх"; Value = ""; VariantName = "[No Variations]"
Added Component: Designator=R7(0603_RES)
Add component (AddParameter): Name = "Package"; Value = "0603"; VariantName = "[No Variations]"
Add component (AddParameter): Name = "Power"; Value = ""; VariantName = "[No Variations]"
Add component (AddParameter): Name = "Temp"; Value = ""; VariantName = "[No Variations]"
Add component (AddParameter): Name = "Tolerance"; Value = "1%"; VariantName = "[No Variations]"
Add component (AddParameter): Name = "URL"; Value = ""; VariantName = "[No Variations]"
Add component (AddParameter): Name = "Value"; Value = "22"; VariantName = "[No Variations]"
Add component (AddParameter): Name = "ValueDescription"; Value = "22╬ь 1% 0603 SMD"; VariantName = "[No Variations]"
Add component (AddParameter): Name = "ValueManufacturer"; Value = ""; VariantName = "[No Variations]"
Add component (AddParameter): Name = "ValueManufacturerPartNumber"; Value = ""; VariantName = "[No Variations]"
Add component (AddParameter): Name = "ValueType"; Value = "╨хчшёҐюЁ"; VariantName = "[No Variations]"
Add component (AddParameter): Name = "╧Ёшьхірэшх"; Value = ""; VariantName = "[No Variations]"
Added Component: Designator=R8(0603_RES)
Add component (AddParameter): Name = "Package"; Value = "0603"; VariantName = "[No Variations]"
Add component (AddParameter): Name = "Power"; Value = ""; VariantName = "[No Variations]"
Add component (AddParameter): Name = "Temp"; Value = ""; VariantName = "[No Variations]"
Add component (AddParameter): Name = "Tolerance"; Value = "5%"; VariantName = "[No Variations]"
Add component (AddParameter): Name = "URL"; Value = ""; VariantName = "[No Variations]"
Add component (AddParameter): Name = "Value"; Value = "1╠"; VariantName = "[No Variations]"
Add component (AddParameter): Name = "ValueDescription"; Value = "1╠╬ь 5% 0603 SMD"; VariantName = "[No Variations]"
Add component (AddParameter): Name = "ValueManufacturer"; Value = ""; VariantName = "[No Variations]"
Add component (AddParameter): Name = "ValueManufacturerPartNumber"; Value = ""; VariantName = "[No Variations]"
Add component (AddParameter): Name = "ValueType"; Value = "╨хчшёҐюЁ"; VariantName = "[No Variations]"
Add component (AddParameter): Name = "╧Ёшьхірэшх"; Value = ""; VariantName = "[No Variations]"
Added Component: Designator=R9(0603_RES)
Add component (AddParameter): Name = "Package"; Value = "0603"; VariantName = "[No Variations]"
Add component (AddParameter): Name = "Power"; Value = ""; VariantName = "[No Variations]"
Add component (AddParameter): Name = "Temp"; Value = ""; VariantName = "[No Variations]"
Add component (AddParameter): Name = "Tolerance"; Value = "5%"; VariantName = "[No Variations]"
Add component (AddParameter): Name = "URL"; Value = ""; VariantName = "[No Variations]"
Add component (AddParameter): Name = "Value"; Value = "10ъ"; VariantName = "[No Variations]"
Add component (AddParameter): Name = "ValueDescription"; Value = "10ъ╬ь 5% 0603 SMD"; VariantName = "[No Variations]"
Add component (AddParameter): Name = "ValueManufacturer"; Value = ""; VariantName = "[No Variations]"
Add component (AddParameter): Name = "ValueManufacturerPartNumber"; Value = ""; VariantName = "[No Variations]"
Add component (AddParameter): Name = "ValueType"; Value = "╨хчшёҐюЁ"; VariantName = "[No Variations]"
Add component (AddParameter): Name = "╧Ёшьхірэшх"; Value = ""; VariantName = "[No Variations]"
Added Component: Designator=R10(0603_RES)
Add component (AddParameter): Name = "Package"; Value = "0603"; VariantName = "[No Variations]"
Add component (AddParameter): Name = "Power"; Value = "0,1 ┬Ґ"; VariantName = "[No Variations]"
Add component (AddParameter): Name = "Temp"; Value = ""; VariantName = "[No Variations]"
Add component (AddParameter): Name = "Tolerance"; Value = "5%"; VariantName = "[No Variations]"
Add component (AddParameter): Name = "URL"; Value = ""; VariantName = "[No Variations]"
Add component (AddParameter): Name = "Value"; Value = "680"; VariantName = "[No Variations]"
Add component (AddParameter): Name = "ValueDescription"; Value = "680╬ь 5% 0603 SMD"; VariantName = "[No Variations]"
Add component (AddParameter): Name = "ValueManufacturer"; Value = ""; VariantName = "[No Variations]"
Add component (AddParameter): Name = "ValueManufacturerPartNumber"; Value = ""; VariantName = "[No Variations]"
Add component (AddParameter): Name = "ValueType"; Value = "╨хчшёҐюЁ"; VariantName = "[No Variations]"
Add component (AddParameter): Name = "╧Ёшьхірэшх"; Value = ""; VariantName = "[No Variations]"
Added Component: Designator=R11(0603_RES)
Add component (AddParameter): Name = "Package"; Value = "0603"; VariantName = "[No Variations]"
Add component (AddParameter): Name = "Power"; Value = ""; VariantName = "[No Variations]"
Add component (AddParameter): Name = "Temp"; Value = ""; VariantName = "[No Variations]"
Add component (AddParameter): Name = "Tolerance"; Value = "5%"; VariantName = "[No Variations]"
Add component (AddParameter): Name = "URL"; Value = ""; VariantName = "[No Variations]"
Add component (AddParameter): Name = "Value"; Value = "0"; VariantName = "[No Variations]"
Add component (AddParameter): Name = "ValueDescription"; Value = "0╬ь 5% 0603 SMD"; VariantName = "[No Variations]"
Add component (AddParameter): Name = "ValueManufacturer"; Value = ""; VariantName = "[No Variations]"
Add component (AddParameter): Name = "ValueManufacturerPartNumber"; Value = ""; VariantName = "[No Variations]"
Add component (AddParameter): Name = "ValueType"; Value = "╨хчшёҐюЁ"; VariantName = "[No Variations]"
Add component (AddParameter): Name = "╧Ёшьхірэшх"; Value = ""; VariantName = "[No Variations]"
Added Component: Designator=R12(0603_RES)
Add component (AddParameter): Name = "Package"; Value = "0603"; VariantName = "[No Variations]"
Add component (AddParameter): Name = "Power"; Value = ""; VariantName = "[No Variations]"
Add component (AddParameter): Name = "Temp"; Value = ""; VariantName = "[No Variations]"
Add component (AddParameter): Name = "Tolerance"; Value = "1%"; VariantName = "[No Variations]"
Add component (AddParameter): Name = "URL"; Value = ""; VariantName = "[No Variations]"
Add component (AddParameter): Name = "Value"; Value = "1ъ"; VariantName = "[No Variations]"
Add component (AddParameter): Name = "ValueDescription"; Value = "1ъ╬ь 1% 0603 SMD"; VariantName = "[No Variations]"
Add component (AddParameter): Name = "ValueManufacturer"; Value = ""; VariantName = "[No Variations]"
Add component (AddParameter): Name = "ValueManufacturerPartNumber"; Value = ""; VariantName = "[No Variations]"
Add component (AddParameter): Name = "ValueType"; Value = "╨хчшёҐюЁ"; VariantName = "[No Variations]"
Add component (AddParameter): Name = "╧Ёшьхірэшх"; Value = ""; VariantName = "[No Variations]"
Added Component: Designator=R13(0603_RES)
Add component (AddParameter): Name = "Package"; Value = "0603"; VariantName = "[No Variations]"
Add component (AddParameter): Name = "Power"; Value = ""; VariantName = "[No Variations]"
Add component (AddParameter): Name = "Temp"; Value = ""; VariantName = "[No Variations]"
Add component (AddParameter): Name = "Tolerance"; Value = "1%"; VariantName = "[No Variations]"
Add component (AddParameter): Name = "URL"; Value = ""; VariantName = "[No Variations]"
Add component (AddParameter): Name = "Value"; Value = "1ъ"; VariantName = "[No Variations]"
Add component (AddParameter): Name = "ValueDescription"; Value = "1ъ╬ь 1% 0603 SMD"; VariantName = "[No Variations]"
Add component (AddParameter): Name = "ValueManufacturer"; Value = ""; VariantName = "[No Variations]"
Add component (AddParameter): Name = "ValueManufacturerPartNumber"; Value = ""; VariantName = "[No Variations]"
Add component (AddParameter): Name = "ValueType"; Value = "╨хчшёҐюЁ"; VariantName = "[No Variations]"
Add component (AddParameter): Name = "╧Ёшьхірэшх"; Value = ""; VariantName = "[No Variations]"
Added Component: Designator=R14(0603_RES)
Add component (AddParameter): Name = "Package"; Value = "0603"; VariantName = "[No Variations]"
Add component (AddParameter): Name = "Power"; Value = ""; VariantName = "[No Variations]"
Add component (AddParameter): Name = "Temp"; Value = ""; VariantName = "[No Variations]"
Add component (AddParameter): Name = "Tolerance"; Value = "5%"; VariantName = "[No Variations]"
Add component (AddParameter): Name = "URL"; Value = ""; VariantName = "[No Variations]"
Add component (AddParameter): Name = "Value"; Value = "680"; VariantName = "[No Variations]"
Add component (AddParameter): Name = "ValueDescription"; Value = "680╬ь 5% 0603 SMD"; VariantName = "[No Variations]"
Add component (AddParameter): Name = "ValueManufacturer"; Value = ""; VariantName = "[No Variations]"
Add component (AddParameter): Name = "ValueManufacturerPartNumber"; Value = ""; VariantName = "[No Variations]"
Add component (AddParameter): Name = "ValueType"; Value = "╨хчшёҐюЁ"; VariantName = "[No Variations]"
Add component (AddParameter): Name = "╧Ёшьхірэшх"; Value = ""; VariantName = "[No Variations]"
Added Component: Designator=R15(0603_RES)
Add component (AddParameter): Name = "Package"; Value = "0603"; VariantName = "[No Variations]"
Add component (AddParameter): Name = "Power"; Value = ""; VariantName = "[No Variations]"
Add component (AddParameter): Name = "Temp"; Value = ""; VariantName = "[No Variations]"
Add component (AddParameter): Name = "Tolerance"; Value = "5%"; VariantName = "[No Variations]"
Add component (AddParameter): Name = "URL"; Value = ""; VariantName = "[No Variations]"
Add component (AddParameter): Name = "Value"; Value = "680"; VariantName = "[No Variations]"
Add component (AddParameter): Name = "ValueDescription"; Value = "680╬ь 5% 0603 SMD"; VariantName = "[No Variations]"
Add component (AddParameter): Name = "ValueManufacturer"; Value = ""; VariantName = "[No Variations]"
Add component (AddParameter): Name = "ValueManufacturerPartNumber"; Value = ""; VariantName = "[No Variations]"
Add component (AddParameter): Name = "ValueType"; Value = "╨хчшёҐюЁ"; VariantName = "[No Variations]"
Add component (AddParameter): Name = "╧Ёшьхірэшх"; Value = ""; VariantName = "[No Variations]"
Added Component: Designator=R16(0603_RES)
Add component (AddParameter): Name = "Package"; Value = "0603"; VariantName = "[No Variations]"
Add component (AddParameter): Name = "Power"; Value = ""; VariantName = "[No Variations]"
Add component (AddParameter): Name = "Temp"; Value = ""; VariantName = "[No Variations]"
Add component (AddParameter): Name = "Tolerance"; Value = "5%"; VariantName = "[No Variations]"
Add component (AddParameter): Name = "URL"; Value = ""; VariantName = "[No Variations]"
Add component (AddParameter): Name = "Value"; Value = "10ъ"; VariantName = "[No Variations]"
Add component (AddParameter): Name = "ValueDescription"; Value = "10ъ╬ь 5% 0603 SMD"; VariantName = "[No Variations]"
Add component (AddParameter): Name = "ValueManufacturer"; Value = ""; VariantName = "[No Variations]"
Add component (AddParameter): Name = "ValueManufacturerPartNumber"; Value = ""; VariantName = "[No Variations]"
Add component (AddParameter): Name = "ValueType"; Value = "╨хчшёҐюЁ"; VariantName = "[No Variations]"
Add component (AddParameter): Name = "╧Ёшьхірэшх"; Value = ""; VariantName = "[No Variations]"
Added Component: Designator=R17(0603_RES)
Add component (AddParameter): Name = "Package"; Value = "0603"; VariantName = "[No Variations]"
Add component (AddParameter): Name = "Power"; Value = ""; VariantName = "[No Variations]"
Add component (AddParameter): Name = "Temp"; Value = ""; VariantName = "[No Variations]"
Add component (AddParameter): Name = "Tolerance"; Value = "5%"; VariantName = "[No Variations]"
Add component (AddParameter): Name = "URL"; Value = ""; VariantName = "[No Variations]"
Add component (AddParameter): Name = "Value"; Value = "1╠"; VariantName = "[No Variations]"
Add component (AddParameter): Name = "ValueDescription"; Value = "1╠╬ь 5% 0603 SMD"; VariantName = "[No Variations]"
Add component (AddParameter): Name = "ValueManufacturer"; Value = ""; VariantName = "[No Variations]"
Add component (AddParameter): Name = "ValueManufacturerPartNumber"; Value = ""; VariantName = "[No Variations]"
Add component (AddParameter): Name = "ValueType"; Value = "╨хчшёҐюЁ"; VariantName = "[No Variations]"
Add component (AddParameter): Name = "╧Ёшьхірэшх"; Value = ""; VariantName = "[No Variations]"
Added Component: Designator=R18(0603_RES)
Add component (AddParameter): Name = "Package"; Value = "0603"; VariantName = "[No Variations]"
Add component (AddParameter): Name = "Power"; Value = ""; VariantName = "[No Variations]"
Add component (AddParameter): Name = "Temp"; Value = ""; VariantName = "[No Variations]"
Add component (AddParameter): Name = "Tolerance"; Value = "1%"; VariantName = "[No Variations]"
Add component (AddParameter): Name = "URL"; Value = ""; VariantName = "[No Variations]"
Add component (AddParameter): Name = "Value"; Value = "22"; VariantName = "[No Variations]"
Add component (AddParameter): Name = "ValueDescription"; Value = "22╬ь 1% 0603 SMD"; VariantName = "[No Variations]"
Add component (AddParameter): Name = "ValueManufacturer"; Value = ""; VariantName = "[No Variations]"
Add component (AddParameter): Name = "ValueManufacturerPartNumber"; Value = ""; VariantName = "[No Variations]"
Add component (AddParameter): Name = "ValueType"; Value = "╨хчшёҐюЁ"; VariantName = "[No Variations]"
Add component (AddParameter): Name = "╧Ёшьхірэшх"; Value = ""; VariantName = "[No Variations]"
Added Component: Designator=RU1(0603_VAR)
Add component (AddParameter): Name = "Package"; Value = ""; VariantName = "[No Variations]"
Add component (AddParameter): Name = "Temp"; Value = ""; VariantName = "[No Variations]"
Add component (AddParameter): Name = "URL"; Value = ""; VariantName = "[No Variations]"
Add component (AddParameter): Name = "Value"; Value = ""; VariantName = "[No Variations]"
Add component (AddParameter): Name = "ValueDescription"; Value = ""; VariantName = "[No Variations]"
Add component (AddParameter): Name = "ValueManufacturer"; Value = ""; VariantName = "[No Variations]"
Add component (AddParameter): Name = "ValueManufacturerPartNumber"; Value = "CG0603MLC-05E"; VariantName = "[No Variations]"
Add component (AddParameter): Name = "ValueType"; Value = "┬рЁшёҐюЁ"; VariantName = "[No Variations]"
Add component (AddParameter): Name = "╧Ёшьхірэшх"; Value = ""; VariantName = "[No Variations]"
Added Component: Designator=RU2(0603_VAR)
Add component (AddParameter): Name = "Package"; Value = ""; VariantName = "[No Variations]"
Add component (AddParameter): Name = "Temp"; Value = ""; VariantName = "[No Variations]"
Add component (AddParameter): Name = "URL"; Value = ""; VariantName = "[No Variations]"
Add component (AddParameter): Name = "Value"; Value = ""; VariantName = "[No Variations]"
Add component (AddParameter): Name = "ValueDescription"; Value = ""; VariantName = "[No Variations]"
Add component (AddParameter): Name = "ValueManufacturer"; Value = ""; VariantName = "[No Variations]"
Add component (AddParameter): Name = "ValueManufacturerPartNumber"; Value = "CG0603MLC-05E"; VariantName = "[No Variations]"
Add component (AddParameter): Name = "ValueType"; Value = "┬рЁшёҐюЁ"; VariantName = "[No Variations]"
Add component (AddParameter): Name = "╧Ёшьхірэшх"; Value = ""; VariantName = "[No Variations]"
Added Component: Designator=SB1(TACT_Switch)
Add component (AddParameter): Name = "Package"; Value = ""; VariantName = "[No Variations]"
Add component (AddParameter): Name = "Temp"; Value = ""; VariantName = "[No Variations]"
Add component (AddParameter): Name = "URL"; Value = ""; VariantName = "[No Variations]"
Add component (AddParameter): Name = "Value"; Value = ""; VariantName = "[No Variations]"
Add component (AddParameter): Name = "ValueDescription"; Value = ""; VariantName = "[No Variations]"
Add component (AddParameter): Name = "ValueManufacturer"; Value = "Te Connectivity"; VariantName = "[No Variations]"
Add component (AddParameter): Name = "ValueManufacturerPartNumber"; Value = "2-1437565-7"; VariantName = "[No Variations]"
Add component (AddParameter): Name = "ValueType"; Value = "╩эюяър ҐръҐютр "; VariantName = "[No Variations]"
Add component (AddParameter): Name = "╧Ёшьхірэшх"; Value = ""; VariantName = "[No Variations]"
Added Component: Designator=VD1(DO214AC(SMA))
Add component (AddParameter): Name = "Package"; Value = ""; VariantName = "[No Variations]"
Add component (AddParameter): Name = "Temp"; Value = ""; VariantName = "[No Variations]"
Add component (AddParameter): Name = "URL"; Value = ""; VariantName = "[No Variations]"
Add component (AddParameter): Name = "Value"; Value = ""; VariantName = "[No Variations]"
Add component (AddParameter): Name = "ValueDescription"; Value = "─шюф ╪юҐҐъш"; VariantName = "[No Variations]"
Add component (AddParameter): Name = "ValueManufacturer"; Value = "Vishay"; VariantName = "[No Variations]"
Add component (AddParameter): Name = "ValueManufacturerPartNumber"; Value = "SS14-E3/61T"; VariantName = "[No Variations]"
Add component (AddParameter): Name = "ValueType"; Value = "─шюф ╪юҐҐъш"; VariantName = "[No Variations]"
Add component (AddParameter): Name = "╧Ёшьхірэшх"; Value = ""; VariantName = "[No Variations]"
Added Component: Designator=VD2(SOD-323)
Add component (AddParameter): Name = "Package"; Value = ""; VariantName = "[No Variations]"
Add component (AddParameter): Name = "Temp"; Value = ""; VariantName = "[No Variations]"
Add component (AddParameter): Name = "URL"; Value = ""; VariantName = "[No Variations]"
Add component (AddParameter): Name = "Value"; Value = ""; VariantName = "[No Variations]"
Add component (AddParameter): Name = "ValueDescription"; Value = "─шюф ╪юҐҐъш"; VariantName = "[No Variations]"
Add component (AddParameter): Name = "ValueManufacturer"; Value = "On Semiconductor"; VariantName = "[No Variations]"
Add component (AddParameter): Name = "ValueManufacturerPartNumber"; Value = "BAT54HT1G"; VariantName = "[No Variations]"
Add component (AddParameter): Name = "ValueType"; Value = "─шюф ╪юҐҐъш"; VariantName = "[No Variations]"
Add component (AddParameter): Name = "╧Ёшьхірэшх"; Value = ""; VariantName = "[No Variations]"
Added Component: Designator=VD3(SOD-323)
Add component (AddParameter): Name = "Package"; Value = ""; VariantName = "[No Variations]"
Add component (AddParameter): Name = "Temp"; Value = ""; VariantName = "[No Variations]"
Add component (AddParameter): Name = "URL"; Value = ""; VariantName = "[No Variations]"
Add component (AddParameter): Name = "Value"; Value = ""; VariantName = "[No Variations]"
Add component (AddParameter): Name = "ValueDescription"; Value = "─шюф ╪юҐҐъш"; VariantName = "[No Variations]"
Add component (AddParameter): Name = "ValueManufacturer"; Value = "On Semiconductor"; VariantName = "[No Variations]"
Add component (AddParameter): Name = "ValueManufacturerPartNumber"; Value = "BAT54HT1G"; VariantName = "[No Variations]"
Add component (AddParameter): Name = "ValueType"; Value = "─шюф ╪юҐҐъш"; VariantName = "[No Variations]"
Add component (AddParameter): Name = "╧Ёшьхірэшх"; Value = ""; VariantName = "[No Variations]"
Added Component: Designator=VT1(SOT-23)
Add component (AddParameter): Name = "Package"; Value = "SOT-23"; VariantName = "[No Variations]"
Add component (AddParameter): Name = "Temp"; Value = ""; VariantName = "[No Variations]"
Add component (AddParameter): Name = "URL"; Value = ""; VariantName = "[No Variations]"
Add component (AddParameter): Name = "Value"; Value = ""; VariantName = "[No Variations]"
Add component (AddParameter): Name = "ValueDescription"; Value = ""; VariantName = "[No Variations]"
Add component (AddParameter): Name = "ValueManufacturer"; Value = "Vishay"; VariantName = "[No Variations]"
Add component (AddParameter): Name = "ValueManufacturerPartNumber"; Value = "SI2333DDS-T1-GE3"; VariantName = "[No Variations]"
Add component (AddParameter): Name = "ValueType"; Value = "MOSFET"; VariantName = "[No Variations]"
Add component (AddParameter): Name = "╧Ёшьхірэшх"; Value = ""; VariantName = "[No Variations]"
Added Component: Designator=X1(DJK-02B)
Add component (AddParameter): Name = "Package"; Value = ""; VariantName = "[No Variations]"
Add component (AddParameter): Name = "Temp"; Value = ""; VariantName = "[No Variations]"
Add component (AddParameter): Name = "URL"; Value = ""; VariantName = "[No Variations]"
Add component (AddParameter): Name = "Value"; Value = ""; VariantName = "[No Variations]"
Add component (AddParameter): Name = "ValueDescription"; Value = "DJK-02B"; VariantName = "[No Variations]"
Add component (AddParameter): Name = "ValueManufacturer"; Value = "KLS"; VariantName = "[No Variations]"
Add component (AddParameter): Name = "ValueManufacturerPartNumber"; Value = "DJK-02B"; VariantName = "[No Variations]"
Add component (AddParameter): Name = "ValueType"; Value = "╨рч·хь яшҐрэш "; VariantName = "[No Variations]"
Add component (AddParameter): Name = "╧Ёшьхірэшх"; Value = ""; VariantName = "[No Variations]"
Added Component: Designator=X2(USB_typeB)
Add component (AddParameter): Name = "Package"; Value = ""; VariantName = "[No Variations]"
Add component (AddParameter): Name = "Temp"; Value = ""; VariantName = "[No Variations]"
Add component (AddParameter): Name = "URL"; Value = ""; VariantName = "[No Variations]"
Add component (AddParameter): Name = "Value"; Value = ""; VariantName = "[No Variations]"
Add component (AddParameter): Name = "ValueDescription"; Value = ""; VariantName = "[No Variations]"
Add component (AddParameter): Name = "ValueManufacturer"; Value = "Te Connectivity"; VariantName = "[No Variations]"
Add component (AddParameter): Name = "ValueManufacturerPartNumber"; Value = "292304-1"; VariantName = "[No Variations]"
Add component (AddParameter): Name = "ValueType"; Value = "USB Ёрч·хь Ґшя B"; VariantName = "[No Variations]"
Add component (AddParameter): Name = "╧Ёшьхірэшх"; Value = ""; VariantName = "[No Variations]"
Added Component: Designator=X3(PBS-6)
Add component (AddParameter): Name = "Package"; Value = "PBS-6"; VariantName = "[No Variations]"
Add component (AddParameter): Name = "Temp"; Value = ""; VariantName = "[No Variations]"
Add component (AddParameter): Name = "URL"; Value = ""; VariantName = "[No Variations]"
Add component (AddParameter): Name = "Value"; Value = ""; VariantName = "[No Variations]"
Add component (AddParameter): Name = "ValueDescription"; Value = ""; VariantName = "[No Variations]"
Add component (AddParameter): Name = "ValueManufacturer"; Value = ""; VariantName = "[No Variations]"
Add component (AddParameter): Name = "ValueManufacturerPartNumber"; Value = ""; VariantName = "[No Variations]"
Add component (AddParameter): Name = "ValueType"; Value = "╨рч·хь"; VariantName = "[No Variations]"
Add component (AddParameter): Name = "╧Ёшьхірэшх"; Value = ""; VariantName = "[No Variations]"
Added Component: Designator=X4(PBS-8)
Add component (AddParameter): Name = "Package"; Value = "PBS-8"; VariantName = "[No Variations]"
Add component (AddParameter): Name = "Temp"; Value = ""; VariantName = "[No Variations]"
Add component (AddParameter): Name = "URL"; Value = ""; VariantName = "[No Variations]"
Add component (AddParameter): Name = "Value"; Value = ""; VariantName = "[No Variations]"
Add component (AddParameter): Name = "ValueDescription"; Value = ""; VariantName = "[No Variations]"
Add component (AddParameter): Name = "ValueManufacturer"; Value = ""; VariantName = "[No Variations]"
Add component (AddParameter): Name = "ValueManufacturerPartNumber"; Value = ""; VariantName = "[No Variations]"
Add component (AddParameter): Name = "ValueType"; Value = "╨рч·хь"; VariantName = "[No Variations]"
Add component (AddParameter): Name = "╧Ёшьхірэшх"; Value = ""; VariantName = "[No Variations]"
Added Component: Designator=X5(PBS-8)
Add component (AddParameter): Name = "Package"; Value = "PBS-8"; VariantName = "[No Variations]"
Add component (AddParameter): Name = "Temp"; Value = ""; VariantName = "[No Variations]"
Add component (AddParameter): Name = "URL"; Value = ""; VariantName = "[No Variations]"
Add component (AddParameter): Name = "Value"; Value = ""; VariantName = "[No Variations]"
Add component (AddParameter): Name = "ValueDescription"; Value = ""; VariantName = "[No Variations]"
Add component (AddParameter): Name = "ValueManufacturer"; Value = ""; VariantName = "[No Variations]"
Add component (AddParameter): Name = "ValueManufacturerPartNumber"; Value = ""; VariantName = "[No Variations]"
Add component (AddParameter): Name = "ValueType"; Value = "╨рч·хь"; VariantName = "[No Variations]"
Add component (AddParameter): Name = "╧Ёшьхірэшх"; Value = ""; VariantName = "[No Variations]"
Added Component: Designator=X6(PBS-10)
Add component (AddParameter): Name = "Package"; Value = "PBS-10"; VariantName = "[No Variations]"
Add component (AddParameter): Name = "Temp"; Value = ""; VariantName = "[No Variations]"
Add component (AddParameter): Name = "URL"; Value = ""; VariantName = "[No Variations]"
Add component (AddParameter): Name = "Value"; Value = ""; VariantName = "[No Variations]"
Add component (AddParameter): Name = "ValueDescription"; Value = ""; VariantName = "[No Variations]"
Add component (AddParameter): Name = "ValueManufacturer"; Value = ""; VariantName = "[No Variations]"
Add component (AddParameter): Name = "ValueManufacturerPartNumber"; Value = ""; VariantName = "[No Variations]"
Add component (AddParameter): Name = "ValueType"; Value = "╨рч·хь"; VariantName = "[No Variations]"
Add component (AddParameter): Name = "╧Ёшьхірэшх"; Value = ""; VariantName = "[No Variations]"
Added Component: Designator=ZQ1(HC-49S)
Add component (AddParameter): Name = "Package"; Value = ""; VariantName = "[No Variations]"
Add component (AddParameter): Name = "Temp"; Value = ""; VariantName = "[No Variations]"
Add component (AddParameter): Name = "Tolerance"; Value = ""; VariantName = "[No Variations]"
Add component (AddParameter): Name = "URL"; Value = ""; VariantName = "[No Variations]"
Add component (AddParameter): Name = "Value"; Value = "16╠├І"; VariantName = "[No Variations]"
Add component (AddParameter): Name = "ValueDescription"; Value = ""; VariantName = "[No Variations]"
Add component (AddParameter): Name = "ValueManufacturer"; Value = ""; VariantName = "[No Variations]"
Add component (AddParameter): Name = "ValueManufacturerPartNumber"; Value = ""; VariantName = "[No Variations]"
Add component (AddParameter): Name = "ValueType"; Value = "╩трЁІхт√щ ЁхчюэрҐюЁ"; VariantName = "[No Variations]"
Add component (AddParameter): Name = "╧Ёшьхірэшх"; Value = ""; VariantName = "[No Variations]"
Added Component: Designator=ZQ2(CSTCE16M0V53-R0)
Add component (AddParameter): Name = "Package"; Value = "HC-49S"; VariantName = "[No Variations]"
Add component (AddParameter): Name = "Temp"; Value = "-40C...+85C"; VariantName = "[No Variations]"
Add component (AddParameter): Name = "Tolerance"; Value = "0,5%"; VariantName = "[No Variations]"
Add component (AddParameter): Name = "URL"; Value = ""; VariantName = "[No Variations]"
Add component (AddParameter): Name = "Value"; Value = "16 ╠├І"; VariantName = "[No Variations]"
Add component (AddParameter): Name = "ValueDescription"; Value = ""; VariantName = "[No Variations]"
Add component (AddParameter): Name = "ValueManufacturer"; Value = "Murata"; VariantName = "[No Variations]"
Add component (AddParameter): Name = "ValueManufacturerPartNumber"; Value = "CSTCE16M0V53-R0"; VariantName = "[No Variations]"
Add component (AddParameter): Name = "ValueType"; Value = "╩хЁрьшіхёъшщ ЁхчюэрҐюЁ"; VariantName = "[No Variations]"
Add component (AddParameter): Name = "╧Ёшьхірэшх"; Value = ""; VariantName = "[No Variations]"
Added Pin To Net: NetName=3V3 Pin=C13-2
Added Pin To Net: NetName=3V3 Pin=DD1-2
Added Pin To Net: NetName=3V3 Pin=DD4-5
Added Pin To Net: NetName=3V3 Pin=X5-4
Added Net: Name=3V3
Added Pin To Net: NetName=5V Pin=C1-2
Added Pin To Net: NetName=5V Pin=C4-2
Added Pin To Net: NetName=5V Pin=C5-2
Added Pin To Net: NetName=5V Pin=C10-2
Added Pin To Net: NetName=5V Pin=C11-1
Added Pin To Net: NetName=5V Pin=C14-2
Added Pin To Net: NetName=5V Pin=C17-2
Added Pin To Net: NetName=5V Pin=C18-2
Added Pin To Net: NetName=5V Pin=DD1-8
Added Pin To Net: NetName=5V Pin=DD2-4
Added Pin To Net: NetName=5V Pin=DD2-32
Added Pin To Net: NetName=5V Pin=DD3-2
Added Pin To Net: NetName=5V Pin=DD3-4
Added Pin To Net: NetName=5V Pin=DD4-1
Added Pin To Net: NetName=5V Pin=DD4-3
Added Pin To Net: NetName=5V Pin=DD5-7
Added Pin To Net: NetName=5V Pin=DD5-20
Added Pin To Net: NetName=5V Pin=ICSP1-2
Added Pin To Net: NetName=5V Pin=ICSP2-2
Added Pin To Net: NetName=5V Pin=R2-1
Added Pin To Net: NetName=5V Pin=R10-2
Added Pin To Net: NetName=5V Pin=R14-2
Added Pin To Net: NetName=5V Pin=R15-2
Added Pin To Net: NetName=5V Pin=R16-1
Added Pin To Net: NetName=5V Pin=VD2-K
Added Pin To Net: NetName=5V Pin=VD3-K
Added Pin To Net: NetName=5V Pin=VT1-1
Added Pin To Net: NetName=5V Pin=X5-2
Added Pin To Net: NetName=5V Pin=X5-5
Added Net: Name=5V
Added Pin To Net: NetName=GND Pin=C1-1
Added Pin To Net: NetName=GND Pin=C2-2
Added Pin To Net: NetName=GND Pin=C3-2
Added Pin To Net: NetName=GND Pin=C4-1
Added Pin To Net: NetName=GND Pin=C5-1
Added Pin To Net: NetName=GND Pin=C6-2
Added Pin To Net: NetName=GND Pin=C7-1
Added Pin To Net: NetName=GND Pin=C8-2
Added Pin To Net: NetName=GND Pin=C9-1
Added Pin To Net: NetName=GND Pin=C10-1
Added Pin To Net: NetName=GND Pin=C11-2
Added Pin To Net: NetName=GND Pin=C13-1
Added Pin To Net: NetName=GND Pin=C14-1
Added Pin To Net: NetName=GND Pin=C15-1
Added Pin To Net: NetName=GND Pin=C16-2
Added Pin To Net: NetName=GND Pin=C17-1
Added Pin To Net: NetName=GND Pin=C18-1
Added Pin To Net: NetName=GND Pin=DD1-4
Added Pin To Net: NetName=GND Pin=DD2-3
Added Pin To Net: NetName=GND Pin=DD2-28
Added Pin To Net: NetName=GND Pin=DD2-EP
Added Pin To Net: NetName=GND Pin=DD3-1
Added Pin To Net: NetName=GND Pin=DD4-2
Added Pin To Net: NetName=GND Pin=DD5-8
Added Pin To Net: NetName=GND Pin=DD5-22
Added Pin To Net: NetName=GND Pin=HL1-K
Added Pin To Net: NetName=GND Pin=HL2-K
Added Pin To Net: NetName=GND Pin=ICSP1-6
Added Pin To Net: NetName=GND Pin=ICSP2-6
Added Pin To Net: NetName=GND Pin=L1-2
Added Pin To Net: NetName=GND Pin=R6-2
Added Pin To Net: NetName=GND Pin=R9-2
Added Pin To Net: NetName=GND Pin=SB1-2
Added Pin To Net: NetName=GND Pin=SB1-2
Added Pin To Net: NetName=GND Pin=X1-2
Added Pin To Net: NetName=GND Pin=X1-3
Added Pin To Net: NetName=GND Pin=X2-4
Added Pin To Net: NetName=GND Pin=X5-6
Added Pin To Net: NetName=GND Pin=X5-7
Added Pin To Net: NetName=GND Pin=X6-7
Added Pin To Net: NetName=GND Pin=ZQ2-2
Added Net: Name=GND
Added Pin To Net: NetName=MBRXD Pin=DD2-9
Added Pin To Net: NetName=MBRXD Pin=R12-1
Added Net: Name=MBRXD
Added Pin To Net: NetName=MBTXD Pin=DD2-8
Added Pin To Net: NetName=MBTXD Pin=R13-1
Added Net: Name=MBTXD
Added Pin To Net: NetName=NetC2_1 Pin=C2-1
Added Pin To Net: NetName=NetC2_1 Pin=DD2-2
Added Pin To Net: NetName=NetC2_1 Pin=R8-2
Added Pin To Net: NetName=NetC2_1 Pin=ZQ1-2
Added Net: Name=NetC2_1
Added Pin To Net: NetName=NetC3_1 Pin=C3-1
Added Pin To Net: NetName=NetC3_1 Pin=DD2-1
Added Pin To Net: NetName=NetC3_1 Pin=R8-1
Added Pin To Net: NetName=NetC3_1 Pin=ZQ1-1
Added Net: Name=NetC3_1
Added Pin To Net: NetName=NetC6_1 Pin=C6-1
Added Pin To Net: NetName=NetC6_1 Pin=DD2-24
Added Pin To Net: NetName=NetC6_1 Pin=R7-2
Added Net: Name=NetC6_1
Added Pin To Net: NetName=NetC7_2 Pin=C7-2
Added Pin To Net: NetName=NetC7_2 Pin=DD2-27
Added Net: Name=NetC7_2
Added Pin To Net: NetName=NetC12_1 Pin=C12-1
Added Pin To Net: NetName=NetC12_1 Pin=R11-1
Added Net: Name=NetC12_1
Added Pin To Net: NetName=NetC12_2 Pin=C12-2
Added Pin To Net: NetName=NetC12_2 Pin=DD2-13
Added Pin To Net: NetName=NetC12_2 Pin=R9-1
Added Net: Name=NetC12_2
Added Pin To Net: NetName=NetC15_2 Pin=C15-2
Added Pin To Net: NetName=NetC15_2 Pin=DD5-21
Added Pin To Net: NetName=NetC15_2 Pin=X6-8
Added Net: Name=NetC15_2
Added Pin To Net: NetName=NetC16_1 Pin=C16-1
Added Pin To Net: NetName=NetC16_1 Pin=DD5-1
Added Pin To Net: NetName=NetC16_1 Pin=R18-1
Added Net: Name=NetC16_1
Added Pin To Net: NetName=NetDD1_1 Pin=DD1-1
Added Pin To Net: NetName=NetDD1_1 Pin=VT1-3
Added Net: Name=NetDD1_1
Added Pin To Net: NetName=NetDD1_3 Pin=DD1-3
Added Pin To Net: NetName=NetDD1_3 Pin=R5-2
Added Pin To Net: NetName=NetDD1_3 Pin=R6-1
Added Net: Name=NetDD1_3
Added Pin To Net: NetName=NetDD1_5 Pin=DD1-5
Added Pin To Net: NetName=NetDD1_5 Pin=DD5-19
Added Pin To Net: NetName=NetDD1_5 Pin=ICSP2-3
Added Pin To Net: NetName=NetDD1_5 Pin=X6-6
Added Net: Name=NetDD1_5
Added Pin To Net: NetName=NetDD1_6 Pin=DD1-6
Added Pin To Net: NetName=NetDD1_6 Pin=DD1-7
Added Pin To Net: NetName=NetDD1_6 Pin=R1-2
Added Net: Name=NetDD1_6
Added Pin To Net: NetName=NetDD2_15 Pin=DD2-15
Added Pin To Net: NetName=NetDD2_15 Pin=ICSP1-3
Added Net: Name=NetDD2_15
Added Pin To Net: NetName=NetDD2_16 Pin=DD2-16
Added Pin To Net: NetName=NetDD2_16 Pin=ICSP1-4
Added Net: Name=NetDD2_16
Added Pin To Net: NetName=NetDD2_17 Pin=DD2-17
Added Pin To Net: NetName=NetDD2_17 Pin=ICSP1-1
Added Net: Name=NetDD2_17
Added Pin To Net: NetName=NetDD2_31 Pin=DD2-31
Added Pin To Net: NetName=NetDD2_31 Pin=F1-2
Added Pin To Net: NetName=NetDD2_31 Pin=VT1-2
Added Net: Name=NetDD2_31
Added Pin To Net: NetName=NetDD5_2 Pin=DD5-2
Added Pin To Net: NetName=NetDD5_2 Pin=R12-2
Added Pin To Net: NetName=NetDD5_2 Pin=X4-1
Added Net: Name=NetDD5_2
Added Pin To Net: NetName=NetDD5_3 Pin=DD5-3
Added Pin To Net: NetName=NetDD5_3 Pin=R13-2
Added Pin To Net: NetName=NetDD5_3 Pin=X4-2
Added Net: Name=NetDD5_3
Added Pin To Net: NetName=NetDD5_4 Pin=DD5-4
Added Pin To Net: NetName=NetDD5_4 Pin=X4-3
Added Net: Name=NetDD5_4
Added Pin To Net: NetName=NetDD5_5 Pin=DD5-5
Added Pin To Net: NetName=NetDD5_5 Pin=X4-4
Added Net: Name=NetDD5_5
Added Pin To Net: NetName=NetDD5_6 Pin=DD5-6
Added Pin To Net: NetName=NetDD5_6 Pin=X4-5
Added Net: Name=NetDD5_6
Added Pin To Net: NetName=NetDD5_9 Pin=DD5-9
Added Pin To Net: NetName=NetDD5_9 Pin=R17-1
Added Pin To Net: NetName=NetDD5_9 Pin=ZQ2-3
Added Net: Name=NetDD5_9
Added Pin To Net: NetName=NetDD5_10 Pin=DD5-10
Added Pin To Net: NetName=NetDD5_10 Pin=R17-2
Added Pin To Net: NetName=NetDD5_10 Pin=ZQ2-1
Added Net: Name=NetDD5_10
Added Pin To Net: NetName=NetDD5_11 Pin=DD5-11
Added Pin To Net: NetName=NetDD5_11 Pin=X4-6
Added Net: Name=NetDD5_11
Added Pin To Net: NetName=NetDD5_12 Pin=DD5-12
Added Pin To Net: NetName=NetDD5_12 Pin=X4-7
Added Net: Name=NetDD5_12
Added Pin To Net: NetName=NetDD5_13 Pin=DD5-13
Added Pin To Net: NetName=NetDD5_13 Pin=X4-8
Added Net: Name=NetDD5_13
Added Pin To Net: NetName=NetDD5_14 Pin=DD5-14
Added Pin To Net: NetName=NetDD5_14 Pin=X6-1
Added Net: Name=NetDD5_14
Added Pin To Net: NetName=NetDD5_15 Pin=DD5-15
Added Pin To Net: NetName=NetDD5_15 Pin=X6-2
Added Net: Name=NetDD5_15
Added Pin To Net: NetName=NetDD5_16 Pin=DD5-16
Added Pin To Net: NetName=NetDD5_16 Pin=X6-3
Added Net: Name=NetDD5_16
Added Pin To Net: NetName=NetDD5_17 Pin=DD5-17
Added Pin To Net: NetName=NetDD5_17 Pin=ICSP2-4
Added Pin To Net: NetName=NetDD5_17 Pin=X6-4
Added Net: Name=NetDD5_17
Added Pin To Net: NetName=NetDD5_18 Pin=DD5-18
Added Pin To Net: NetName=NetDD5_18 Pin=ICSP2-1
Added Pin To Net: NetName=NetDD5_18 Pin=X6-5
Added Net: Name=NetDD5_18
Added Pin To Net: NetName=NetDD5_23 Pin=DD5-23
Added Pin To Net: NetName=NetDD5_23 Pin=X3-1
Added Net: Name=NetDD5_23
Added Pin To Net: NetName=NetDD5_24 Pin=DD5-24
Added Pin To Net: NetName=NetDD5_24 Pin=X3-2
Added Net: Name=NetDD5_24
Added Pin To Net: NetName=NetDD5_25 Pin=DD5-25
Added Pin To Net: NetName=NetDD5_25 Pin=X3-3
Added Net: Name=NetDD5_25
Added Pin To Net: NetName=NetDD5_26 Pin=DD5-26
Added Pin To Net: NetName=NetDD5_26 Pin=X3-4
Added Net: Name=NetDD5_26
Added Pin To Net: NetName=NetDD5_27 Pin=DD5-27
Added Pin To Net: NetName=NetDD5_27 Pin=X3-5
Added Pin To Net: NetName=NetDD5_27 Pin=X6-9
Added Net: Name=NetDD5_27
Added Pin To Net: NetName=NetDD5_28 Pin=DD5-28
Added Pin To Net: NetName=NetDD5_28 Pin=X3-6
Added Pin To Net: NetName=NetDD5_28 Pin=X6-10
Added Net: Name=NetDD5_28
Added Pin To Net: NetName=NetF1_1 Pin=F1-1
Added Pin To Net: NetName=NetF1_1 Pin=X2-1
Added Net: Name=NetF1_1
Added Pin To Net: NetName=NetHL1_A Pin=HL1-A
Added Pin To Net: NetName=NetHL1_A Pin=R1-1
Added Net: Name=NetHL1_A
Added Pin To Net: NetName=NetHL2_A Pin=HL2-A
Added Pin To Net: NetName=NetHL2_A Pin=R10-1
Added Net: Name=NetHL2_A
Added Pin To Net: NetName=NetHL3_A Pin=HL3-A
Added Pin To Net: NetName=NetHL3_A Pin=R14-1
Added Net: Name=NetHL3_A
Added Pin To Net: NetName=NetHL4_A Pin=HL4-A
Added Pin To Net: NetName=NetHL4_A Pin=R15-1
Added Net: Name=NetHL4_A
Added Pin To Net: NetName=NetICSP1_5 Pin=ICSP1-5
Added Pin To Net: NetName=NetICSP1_5 Pin=R2-2
Added Pin To Net: NetName=NetICSP1_5 Pin=R7-1
Added Pin To Net: NetName=NetICSP1_5 Pin=VD2-A
Added Net: Name=NetICSP1_5
Added Pin To Net: NetName=NetICSP2_5 Pin=ICSP2-5
Added Pin To Net: NetName=NetICSP2_5 Pin=R16-2
Added Pin To Net: NetName=NetICSP2_5 Pin=R18-2
Added Pin To Net: NetName=NetICSP2_5 Pin=VD3-A
Added Pin To Net: NetName=NetICSP2_5 Pin=X5-3
Added Net: Name=NetICSP2_5
Added Pin To Net: NetName=NetL1_1 Pin=L1-1
Added Pin To Net: NetName=NetL1_1 Pin=RU1-1
Added Pin To Net: NetName=NetL1_1 Pin=RU2-1
Added Pin To Net: NetName=NetL1_1 Pin=X2-0
Added Pin To Net: NetName=NetL1_1 Pin=X2-0
Added Net: Name=NetL1_1
Added Pin To Net: NetName=NetR11_2 Pin=R11-2
Added Pin To Net: NetName=NetR11_2 Pin=SB1-1
Added Pin To Net: NetName=NetR11_2 Pin=SB1-1
Added Net: Name=NetR11_2
Added Pin To Net: NetName=NetVD1_A Pin=VD1-A
Added Pin To Net: NetName=NetVD1_A Pin=X1-1
Added Net: Name=NetVD1_A
Added Pin To Net: NetName=RXLED Pin=DD2-10
Added Pin To Net: NetName=RXLED Pin=HL4-K
Added Net: Name=RXLED
Added Pin To Net: NetName=TXLED Pin=DD2-11
Added Pin To Net: NetName=TXLED Pin=HL3-K
Added Net: Name=TXLED
Added Pin To Net: NetName=USB0_N Pin=R4-1
Added Pin To Net: NetName=USB0_N Pin=X2-2
Added Net: Name=USB0_N
Added Pin To Net: NetName=USB0_P Pin=R3-1
Added Pin To Net: NetName=USB0_P Pin=RU1-2
Added Pin To Net: NetName=USB0_P Pin=X2-3
Added Net: Name=USB0_P
Added Pin To Net: NetName=USB1_N Pin=DD2-30
Added Pin To Net: NetName=USB1_N Pin=R4-2
Added Net: Name=USB1_N
Added Pin To Net: NetName=USB1_P Pin=DD2-29
Added Pin To Net: NetName=USB1_P Pin=R3-2
Added Net: Name=USB1_P
Added Pin To Net: NetName=VIN Pin=C8-1
Added Pin To Net: NetName=VIN Pin=C9-2
Added Pin To Net: NetName=VIN Pin=DD3-3
Added Pin To Net: NetName=VIN Pin=R5-1
Added Pin To Net: NetName=VIN Pin=VD1-K
Added Pin To Net: NetName=VIN Pin=X5-8
Added Net: Name=VIN
Added Class: Name=ArdUno_AADsm5-42b_sch
Added Differential Pair: Name=USB0
Added Differential Pair: Name=USB1
Added Rule: Name=Schematic Supply Nets
Added Rule: Name=Schematic Supply Nets_1
Added Rule: Name=Schematic Supply Nets_2
Added Rule: Name=Schematic Supply Nets_3
